[debug] [2023-07-25T21:45:09.413Z] ----------------------------------------------------------------------
[debug] [2023-07-25T21:45:09.415Z] Command:       C:\Program Files\nodejs\node.exe C:\Users\Agil\AppData\Roaming\npm\node_modules\firebase-tools\lib\bin\firebase.js init
[debug] [2023-07-25T21:45:09.416Z] CLI Version:   12.4.5
[debug] [2023-07-25T21:45:09.416Z] Platform:      win32
[debug] [2023-07-25T21:45:09.416Z] Node Version:  v17.3.0
[debug] [2023-07-25T21:45:09.418Z] Time:          Wed Jul 26 2023 04:45:09 GMT+0700 (Western Indonesia Time)
[debug] [2023-07-25T21:45:09.418Z] ----------------------------------------------------------------------
[debug] 
[debug] [2023-07-25T21:45:09.504Z] > command requires scopes: ["email","openid","https://www.googleapis.com/auth/cloudplatformprojects.readonly","https://www.googleapis.com/auth/firebase","https://www.googleapis.com/auth/cloud-platform"]
[debug] [2023-07-25T21:45:09.505Z] > authorizing via signed-in user (agilfuad@gmail.com)
[info] 
     ######## #### ########  ######## ########     ###     ######  ########
     ##        ##  ##     ## ##       ##     ##  ##   ##  ##       ##
     ######    ##  ########  ######   ########  #########  ######  ######
     ##        ##  ##    ##  ##       ##     ## ##     ##       ## ##
     ##       #### ##     ## ######## ########  ##     ##  ######  ########

You're about to initialize a Firebase project in this directory:

  C:\Users\Agil

Before we get started, keep in mind:

  * You are initializing within an existing Firebase project directory

[info] 
=== Project Setup
[info] 
[info] First, let's associate this project directory with a Firebase project.
[info] You can create multiple project aliases by running firebase use --add, 
[info] but for now we'll just set up a default project.
[info] 
[debug] [2023-07-25T21:45:13.116Z] Using project from CLI flag: innove-eight
[debug] [2023-07-25T21:45:13.119Z] > refreshing access token with scopes: []
[debug] [2023-07-25T21:45:13.121Z] >>> [apiv2][query] POST https://www.googleapis.com/oauth2/v3/token [none]
[debug] [2023-07-25T21:45:13.121Z] >>> [apiv2][body] POST https://www.googleapis.com/oauth2/v3/token [omitted]
[debug] [2023-07-25T21:45:13.334Z] <<< [apiv2][status] POST https://www.googleapis.com/oauth2/v3/token 200
[debug] [2023-07-25T21:45:13.335Z] <<< [apiv2][body] POST https://www.googleapis.com/oauth2/v3/token [omitted]
[debug] [2023-07-25T21:45:13.348Z] >>> [apiv2][query] GET https://firebase.googleapis.com/v1beta1/projects/innove-eight [none]
[debug] [2023-07-25T21:45:14.049Z] <<< [apiv2][status] GET https://firebase.googleapis.com/v1beta1/projects/innove-eight 403
[debug] [2023-07-25T21:45:14.049Z] <<< [apiv2][body] GET https://firebase.googleapis.com/v1beta1/projects/innove-eight {"error":{"code":403,"message":"The caller does not have permission","status":"PERMISSION_DENIED"}}
[debug] [2023-07-25T21:45:14.050Z] HTTP Error: 403, The caller does not have permission
[debug] [2023-07-25T21:45:14.133Z] FirebaseError: HTTP Error: 403, The caller does not have permission
    at responseToError (C:\Users\Agil\AppData\Roaming\npm\node_modules\firebase-tools\lib\responseToError.js:49:12)
    at RetryOperation._fn (C:\Users\Agil\AppData\Roaming\npm\node_modules\firebase-tools\lib\apiv2.js:285:77)
    at processTicksAndRejections (node:internal/process/task_queues:96:5)
[error] 
[error] Error: Failed to get Firebase project innove-eight. Please make sure the project exists and your account has permission to access it.
